[2025-06-20T08:20:53.056] [WARN] [localhost] [docId] [userId] nodeJS - Express server starting...
[2025-06-20T08:20:53.075] [WARN] [localhost] [docId] [userId] nodeJS - notifyLicenseExpiration(): expiration date is not defined
[2025-06-20T08:20:53.077] [WARN] [localhost] [docId] [userId] nodeJS - notifyLicenseExpiration(): expiration date is not defined
[2025-06-20T08:20:53.591] [WARN] [localhost] [docId] [userId] nodeJS - Express server listening on port 8000 in production-linux mode. Version: 8.3.3. Build: 18
[2025-06-20T10:30:42.262] [WARN] [localhost] [docId] [userId] nodeJS - Express server starting...
[2025-06-20T10:30:42.272] [WARN] [localhost] [docId] [userId] nodeJS - notifyLicenseExpiration(): expiration date is not defined
[2025-06-20T10:30:42.273] [WARN] [localhost] [docId] [userId] nodeJS - notifyLicenseExpiration(): expiration date is not defined
[2025-06-20T10:30:42.549] [WARN] [localhost] [docId] [userId] nodeJS - Express server listening on port 8000 in production-linux mode. Version: 8.3.3. Build: 18
[2025-06-20T10:31:18.950] [WARN] [localhost] [docId] [userId] nodeJS - Express server starting...
[2025-06-20T10:31:18.957] [WARN] [localhost] [docId] [userId] nodeJS - notifyLicenseExpiration(): expiration date is not defined
[2025-06-20T10:31:18.957] [WARN] [localhost] [docId] [userId] nodeJS - notifyLicenseExpiration(): expiration date is not defined
[2025-06-20T10:31:19.153] [WARN] [localhost] [docId] [userId] nodeJS - Express server listening on port 8000 in production-linux mode. Version: 8.3.3. Build: 18
[2025-06-20T10:54:57.594] [WARN] [localhost] [docId] [userId] nodeJS - start shutdown:true
[2025-06-20T10:54:57.595] [WARN] [localhost] [docId] [userId] nodeJS - active connections: 0
[2025-06-20T10:54:57.595] [WARN] [localhost] [docId] [userId] nodeJS - end shutdown
[2025-06-20T10:55:44.661] [WARN] [localhost] [docId] [userId] nodeJS - Express server starting...
[2025-06-20T10:55:44.668] [WARN] [localhost] [docId] [userId] nodeJS - notifyLicenseExpiration(): expiration date is not defined
[2025-06-20T10:55:44.669] [WARN] [localhost] [docId] [userId] nodeJS - notifyLicenseExpiration(): expiration date is not defined
[2025-06-20T10:55:44.983] [WARN] [localhost] [docId] [userId] nodeJS - Express server listening on port 8000 in production-linux mode. Version: 8.3.3. Build: 18
[2025-06-20T10:56:20.732] [WARN] [localhost] [docId] [userId] nodeJS - Express server starting...
[2025-06-20T10:56:20.737] [WARN] [localhost] [docId] [userId] nodeJS - notifyLicenseExpiration(): expiration date is not defined
[2025-06-20T10:56:20.738] [WARN] [localhost] [docId] [userId] nodeJS - notifyLicenseExpiration(): expiration date is not defined
[2025-06-20T10:56:20.898] [WARN] [localhost] [docId] [userId] nodeJS - Express server listening on port 8000 in production-linux mode. Version: 8.3.3. Build: 18
[2025-06-20T10:59:17.391] [WARN] [localhost] [docId] [userId] nodeJS - start shutdown:true
[2025-06-20T10:59:17.392] [WARN] [localhost] [docId] [userId] nodeJS - active connections: 0
[2025-06-20T10:59:17.392] [WARN] [localhost] [docId] [userId] nodeJS - end shutdown
[2025-06-20T11:00:30.183] [WARN] [localhost] [docId] [userId] nodeJS - Express server starting...
[2025-06-20T11:00:30.189] [WARN] [localhost] [docId] [userId] nodeJS - notifyLicenseExpiration(): expiration date is not defined
[2025-06-20T11:00:30.190] [WARN] [localhost] [docId] [userId] nodeJS - notifyLicenseExpiration(): expiration date is not defined
[2025-06-20T11:00:30.479] [WARN] [localhost] [docId] [userId] nodeJS - Express server listening on port 8000 in production-linux mode. Version: 8.3.3. Build: 18
[2025-06-20T11:24:19.100] [WARN] [localhost] [docId] [userId] nodeJS - Express server starting...
[2025-06-20T11:24:19.106] [WARN] [localhost] [docId] [userId] nodeJS - notifyLicenseExpiration(): expiration date is not defined
[2025-06-20T11:24:19.106] [WARN] [localhost] [docId] [userId] nodeJS - notifyLicenseExpiration(): expiration date is not defined
[2025-06-20T11:24:20.217] [WARN] [localhost] [docId] [userId] nodeJS - Express server listening on port 8000 in production-linux mode. Version: 8.3.3. Build: 18
[2025-06-20T11:25:00.245] [WARN] [localhost] [docId] [userId] nodeJS - Express server starting...
[2025-06-20T11:25:00.253] [WARN] [localhost] [docId] [userId] nodeJS - notifyLicenseExpiration(): expiration date is not defined
[2025-06-20T11:25:00.254] [WARN] [localhost] [docId] [userId] nodeJS - notifyLicenseExpiration(): expiration date is not defined
[2025-06-20T11:25:00.416] [WARN] [localhost] [docId] [userId] nodeJS - Express server listening on port 8000 in production-linux mode. Version: 8.3.3. Build: 18
[2025-06-20T14:33:05.991] [WARN] [localhost] [docId] [userId] nodeJS - start shutdown:true
[2025-06-20T14:33:05.995] [WARN] [localhost] [docId] [userId] nodeJS - active connections: 0
[2025-06-20T14:33:05.996] [WARN] [localhost] [docId] [userId] nodeJS - end shutdown
[2025-06-20T14:33:59.984] [WARN] [localhost] [docId] [userId] nodeJS - Express server starting...
[2025-06-20T14:33:59.994] [WARN] [localhost] [docId] [userId] nodeJS - notifyLicenseExpiration(): expiration date is not defined
[2025-06-20T14:33:59.995] [WARN] [localhost] [docId] [userId] nodeJS - notifyLicenseExpiration(): expiration date is not defined
[2025-06-20T14:34:00.270] [WARN] [localhost] [docId] [userId] nodeJS - Express server listening on port 8000 in production-linux mode. Version: 8.3.3. Build: 18
[2025-06-20T14:34:58.933] [WARN] [localhost] [docId] [userId] nodeJS - Express server starting...
[2025-06-20T14:34:58.945] [WARN] [localhost] [docId] [userId] nodeJS - notifyLicenseExpiration(): expiration date is not defined
[2025-06-20T14:34:58.946] [WARN] [localhost] [docId] [userId] nodeJS - notifyLicenseExpiration(): expiration date is not defined
[2025-06-20T14:34:59.149] [WARN] [localhost] [docId] [userId] nodeJS - Express server listening on port 8000 in production-linux mode. Version: 8.3.3. Build: 18
[2025-06-20T14:38:01.631] [WARN] [localhost] [docId] [userId] nodeJS - start shutdown:true
[2025-06-20T14:38:01.632] [WARN] [localhost] [docId] [userId] nodeJS - active connections: 0
[2025-06-20T14:38:01.632] [WARN] [localhost] [docId] [userId] nodeJS - end shutdown
[2025-06-20T14:39:00.256] [WARN] [localhost] [docId] [userId] nodeJS - Express server starting...
[2025-06-20T14:39:00.267] [WARN] [localhost] [docId] [userId] nodeJS - notifyLicenseExpiration(): expiration date is not defined
[2025-06-20T14:39:00.268] [WARN] [localhost] [docId] [userId] nodeJS - notifyLicenseExpiration(): expiration date is not defined
[2025-06-20T14:39:00.572] [WARN] [localhost] [docId] [userId] nodeJS - Express server listening on port 8000 in production-linux mode. Version: 8.3.3. Build: 18
[2025-06-20T14:39:54.791] [WARN] [localhost] [docId] [userId] nodeJS - Express server starting...
[2025-06-20T14:39:54.807] [WARN] [localhost] [docId] [userId] nodeJS - notifyLicenseExpiration(): expiration date is not defined
[2025-06-20T14:39:54.810] [WARN] [localhost] [docId] [userId] nodeJS - notifyLicenseExpiration(): expiration date is not defined
[2025-06-20T14:39:55.010] [WARN] [localhost] [docId] [userId] nodeJS - Express server listening on port 8000 in production-linux mode. Version: 8.3.3. Build: 18
[2025-06-20T14:42:02.425] [WARN] [localhost] [docId] [userId] nodeJS - start shutdown:true
[2025-06-20T14:42:02.425] [WARN] [localhost] [docId] [userId] nodeJS - active connections: 0
[2025-06-20T14:42:02.426] [WARN] [localhost] [docId] [userId] nodeJS - end shutdown
[2025-06-20T14:42:49.252] [WARN] [localhost] [docId] [userId] nodeJS - Express server starting...
[2025-06-20T14:42:49.262] [WARN] [localhost] [docId] [userId] nodeJS - notifyLicenseExpiration(): expiration date is not defined
[2025-06-20T14:42:49.263] [WARN] [localhost] [docId] [userId] nodeJS - notifyLicenseExpiration(): expiration date is not defined
[2025-06-20T14:42:49.565] [WARN] [localhost] [docId] [userId] nodeJS - Express server listening on port 8000 in production-linux mode. Version: 8.3.3. Build: 18
[2025-06-20T14:43:51.256] [WARN] [localhost] [docId] [userId] nodeJS - Express server starting...
[2025-06-20T14:43:51.266] [WARN] [localhost] [docId] [userId] nodeJS - notifyLicenseExpiration(): expiration date is not defined
[2025-06-20T14:43:51.267] [WARN] [localhost] [docId] [userId] nodeJS - notifyLicenseExpiration(): expiration date is not defined
[2025-06-20T14:43:51.510] [WARN] [localhost] [docId] [userId] nodeJS - Express server listening on port 8000 in production-linux mode. Version: 8.3.3. Build: 18
[2025-06-21T02:04:56.364] [WARN] [localhost] [docId] [userId] nodeJS - start shutdown:true
[2025-06-21T02:04:56.368] [WARN] [localhost] [docId] [userId] nodeJS - active connections: 0
[2025-06-21T02:04:56.369] [WARN] [localhost] [docId] [userId] nodeJS - end shutdown
[2025-06-21T02:05:56.185] [WARN] [localhost] [docId] [userId] nodeJS - Express server starting...
[2025-06-21T02:05:56.213] [WARN] [localhost] [docId] [userId] nodeJS - notifyLicenseExpiration(): expiration date is not defined
[2025-06-21T02:05:56.215] [WARN] [localhost] [docId] [userId] nodeJS - notifyLicenseExpiration(): expiration date is not defined
[2025-06-21T02:05:56.644] [WARN] [localhost] [docId] [userId] nodeJS - Express server listening on port 8000 in production-linux mode. Version: 8.3.3. Build: 18
[2025-06-21T02:07:04.746] [WARN] [localhost] [docId] [userId] nodeJS - Express server starting...
[2025-06-21T02:07:04.754] [WARN] [localhost] [docId] [userId] nodeJS - notifyLicenseExpiration(): expiration date is not defined
[2025-06-21T02:07:04.757] [WARN] [localhost] [docId] [userId] nodeJS - notifyLicenseExpiration(): expiration date is not defined
[2025-06-21T02:07:04.973] [WARN] [localhost] [docId] [userId] nodeJS - Express server listening on port 8000 in production-linux mode. Version: 8.3.3. Build: 18
[2025-06-21T02:29:29.678] [WARN] [localhost] [docId] [userId] nodeJS - start shutdown:true
[2025-06-21T02:29:29.679] [WARN] [localhost] [docId] [userId] nodeJS - active connections: 0
[2025-06-21T02:29:29.679] [WARN] [localhost] [docId] [userId] nodeJS - end shutdown
[2025-06-21T02:30:36.281] [WARN] [localhost] [docId] [userId] nodeJS - Express server starting...
[2025-06-21T02:30:36.311] [WARN] [localhost] [docId] [userId] nodeJS - notifyLicenseExpiration(): expiration date is not defined
[2025-06-21T02:30:36.316] [WARN] [localhost] [docId] [userId] nodeJS - notifyLicenseExpiration(): expiration date is not defined
[2025-06-21T02:30:36.760] [WARN] [localhost] [docId] [userId] nodeJS - Express server listening on port 8000 in production-linux mode. Version: 8.3.3. Build: 18
[2025-06-21T02:31:43.409] [WARN] [localhost] [docId] [userId] nodeJS - Express server starting...
[2025-06-21T02:31:43.418] [WARN] [localhost] [docId] [userId] nodeJS - notifyLicenseExpiration(): expiration date is not defined
[2025-06-21T02:31:43.420] [WARN] [localhost] [docId] [userId] nodeJS - notifyLicenseExpiration(): expiration date is not defined
[2025-06-21T02:31:43.635] [WARN] [localhost] [docId] [userId] nodeJS - Express server listening on port 8000 in production-linux mode. Version: 8.3.3. Build: 18
[2025-06-21T02:50:32.112] [WARN] [localhost] [docId] [userId] nodeJS - start shutdown:true
[2025-06-21T02:50:32.115] [WARN] [localhost] [docId] [userId] nodeJS - active connections: 0
[2025-06-21T02:50:32.115] [WARN] [localhost] [docId] [userId] nodeJS - end shutdown
[2025-06-21T02:52:37.163] [WARN] [localhost] [docId] [userId] nodeJS - Express server starting...
[2025-06-21T02:52:37.179] [WARN] [localhost] [docId] [userId] nodeJS - notifyLicenseExpiration(): expiration date is not defined
[2025-06-21T02:52:37.183] [WARN] [localhost] [docId] [userId] nodeJS - notifyLicenseExpiration(): expiration date is not defined
[2025-06-21T02:52:37.485] [WARN] [localhost] [docId] [userId] nodeJS - Express server listening on port 8000 in production-linux mode. Version: 8.3.3. Build: 18
[2025-06-21T02:53:23.416] [WARN] [localhost] [docId] [userId] nodeJS - Express server starting...
[2025-06-21T02:53:23.432] [WARN] [localhost] [docId] [userId] nodeJS - notifyLicenseExpiration(): expiration date is not defined
[2025-06-21T02:53:23.434] [WARN] [localhost] [docId] [userId] nodeJS - notifyLicenseExpiration(): expiration date is not defined
[2025-06-21T02:53:23.700] [WARN] [localhost] [docId] [userId] nodeJS - Express server listening on port 8000 in production-linux mode. Version: 8.3.3. Build: 18
[2025-06-21T03:21:02.116] [WARN] [localhost] [docId] [userId] nodeJS - start shutdown:true
[2025-06-21T03:21:02.118] [WARN] [localhost] [docId] [userId] nodeJS - active connections: 0
[2025-06-21T03:21:02.118] [WARN] [localhost] [docId] [userId] nodeJS - end shutdown
[2025-06-21T03:21:55.711] [WARN] [localhost] [docId] [userId] nodeJS - Express server starting...
[2025-06-21T03:21:55.725] [WARN] [localhost] [docId] [userId] nodeJS - notifyLicenseExpiration(): expiration date is not defined
[2025-06-21T03:21:55.726] [WARN] [localhost] [docId] [userId] nodeJS - notifyLicenseExpiration(): expiration date is not defined
[2025-06-21T03:21:56.044] [WARN] [localhost] [docId] [userId] nodeJS - Express server listening on port 8000 in production-linux mode. Version: 8.3.3. Build: 18
[2025-06-21T03:22:41.852] [WARN] [localhost] [docId] [userId] nodeJS - Express server starting...
[2025-06-21T03:22:41.858] [WARN] [localhost] [docId] [userId] nodeJS - notifyLicenseExpiration(): expiration date is not defined
[2025-06-21T03:22:41.859] [WARN] [localhost] [docId] [userId] nodeJS - notifyLicenseExpiration(): expiration date is not defined
[2025-06-21T03:22:42.038] [WARN] [localhost] [docId] [userId] nodeJS - Express server listening on port 8000 in production-linux mode. Version: 8.3.3. Build: 18
[2025-06-21T04:20:42.742] [WARN] [localhost] [docId] [userId] nodeJS - start shutdown:true
[2025-06-21T04:20:42.746] [WARN] [localhost] [docId] [userId] nodeJS - active connections: 0
[2025-06-21T04:20:42.747] [WARN] [localhost] [docId] [userId] nodeJS - end shutdown
[2025-06-21T04:21:41.675] [WARN] [localhost] [docId] [userId] nodeJS - Express server starting...
[2025-06-21T04:21:41.702] [WARN] [localhost] [docId] [userId] nodeJS - notifyLicenseExpiration(): expiration date is not defined
[2025-06-21T04:21:41.704] [WARN] [localhost] [docId] [userId] nodeJS - notifyLicenseExpiration(): expiration date is not defined
[2025-06-21T04:21:42.107] [WARN] [localhost] [docId] [userId] nodeJS - Express server listening on port 8000 in production-linux mode. Version: 8.3.3. Build: 18
[2025-06-21T04:22:47.161] [WARN] [localhost] [docId] [userId] nodeJS - Express server starting...
[2025-06-21T04:22:47.175] [WARN] [localhost] [docId] [userId] nodeJS - notifyLicenseExpiration(): expiration date is not defined
[2025-06-21T04:22:47.178] [WARN] [localhost] [docId] [userId] nodeJS - notifyLicenseExpiration(): expiration date is not defined
[2025-06-21T04:22:47.391] [WARN] [localhost] [docId] [userId] nodeJS - Express server listening on port 8000 in production-linux mode. Version: 8.3.3. Build: 18
[2025-06-21T04:34:36.255] [WARN] [localhost] [docId] [userId] nodeJS - start shutdown:true
[2025-06-21T04:34:36.256] [WARN] [localhost] [docId] [userId] nodeJS - active connections: 0
[2025-06-21T04:34:36.256] [WARN] [localhost] [docId] [userId] nodeJS - end shutdown
[2025-06-21T04:35:42.735] [WARN] [localhost] [docId] [userId] nodeJS - Express server starting...
[2025-06-21T04:35:42.750] [WARN] [localhost] [docId] [userId] nodeJS - notifyLicenseExpiration(): expiration date is not defined
[2025-06-21T04:35:42.753] [WARN] [localhost] [docId] [userId] nodeJS - notifyLicenseExpiration(): expiration date is not defined
[2025-06-21T04:35:43.126] [WARN] [localhost] [docId] [userId] nodeJS - Express server listening on port 8000 in production-linux mode. Version: 8.3.3. Build: 18
[2025-06-21T04:36:45.424] [WARN] [localhost] [docId] [userId] nodeJS - Express server starting...
[2025-06-21T04:36:45.436] [WARN] [localhost] [docId] [userId] nodeJS - notifyLicenseExpiration(): expiration date is not defined
[2025-06-21T04:36:45.437] [WARN] [localhost] [docId] [userId] nodeJS - notifyLicenseExpiration(): expiration date is not defined
[2025-06-21T04:36:45.670] [WARN] [localhost] [docId] [userId] nodeJS - Express server listening on port 8000 in production-linux mode. Version: 8.3.3. Build: 18
[2025-06-21T11:13:56.164] [WARN] [localhost] [docId] [userId] nodeJS - start shutdown:true
[2025-06-21T11:13:56.167] [WARN] [localhost] [docId] [userId] nodeJS - active connections: 0
[2025-06-21T11:13:56.169] [WARN] [localhost] [docId] [userId] nodeJS - end shutdown
[2025-06-21T11:16:15.935] [WARN] [localhost] [docId] [userId] nodeJS - Express server starting...
[2025-06-21T11:16:15.945] [WARN] [localhost] [docId] [userId] nodeJS - notifyLicenseExpiration(): expiration date is not defined
[2025-06-21T11:16:15.946] [WARN] [localhost] [docId] [userId] nodeJS - notifyLicenseExpiration(): expiration date is not defined
[2025-06-21T11:16:16.227] [WARN] [localhost] [docId] [userId] nodeJS - Express server listening on port 8000 in production-linux mode. Version: 8.3.3. Build: 18
[2025-06-21T11:17:05.053] [WARN] [localhost] [docId] [userId] nodeJS - Express server starting...
[2025-06-21T11:17:05.060] [WARN] [localhost] [docId] [userId] nodeJS - notifyLicenseExpiration(): expiration date is not defined
[2025-06-21T11:17:05.060] [WARN] [localhost] [docId] [userId] nodeJS - notifyLicenseExpiration(): expiration date is not defined
[2025-06-21T11:17:05.215] [WARN] [localhost] [docId] [userId] nodeJS - Express server listening on port 8000 in production-linux mode. Version: 8.3.3. Build: 18
[2025-06-21T11:28:28.567] [WARN] [localhost] [docId] [userId] nodeJS - start shutdown:true
[2025-06-21T11:28:28.568] [WARN] [localhost] [docId] [userId] nodeJS - active connections: 0
[2025-06-21T11:28:28.568] [WARN] [localhost] [docId] [userId] nodeJS - end shutdown
[2025-06-21T11:29:47.977] [WARN] [localhost] [docId] [userId] nodeJS - Express server starting...
[2025-06-21T11:29:47.987] [WARN] [localhost] [docId] [userId] nodeJS - notifyLicenseExpiration(): expiration date is not defined
[2025-06-21T11:29:47.988] [WARN] [localhost] [docId] [userId] nodeJS - notifyLicenseExpiration(): expiration date is not defined
[2025-06-21T11:29:48.315] [WARN] [localhost] [docId] [userId] nodeJS - Express server listening on port 8000 in production-linux mode. Version: 8.3.3. Build: 18
[2025-06-21T11:30:31.618] [WARN] [localhost] [docId] [userId] nodeJS - Express server starting...
[2025-06-21T11:30:31.625] [WARN] [localhost] [docId] [userId] nodeJS - notifyLicenseExpiration(): expiration date is not defined
[2025-06-21T11:30:31.625] [WARN] [localhost] [docId] [userId] nodeJS - notifyLicenseExpiration(): expiration date is not defined
[2025-06-21T11:30:31.801] [WARN] [localhost] [docId] [userId] nodeJS - Express server listening on port 8000 in production-linux mode. Version: 8.3.3. Build: 18
[2025-06-21T14:35:19.930] [WARN] [localhost] [docId] [userId] nodeJS - start shutdown:true
[2025-06-21T14:35:19.934] [WARN] [localhost] [docId] [userId] nodeJS - active connections: 0
[2025-06-21T14:35:19.935] [WARN] [localhost] [docId] [userId] nodeJS - end shutdown
[2025-06-21T14:36:10.013] [WARN] [localhost] [docId] [userId] nodeJS - Express server starting...
[2025-06-21T14:36:10.025] [WARN] [localhost] [docId] [userId] nodeJS - notifyLicenseExpiration(): expiration date is not defined
[2025-06-21T14:36:10.025] [WARN] [localhost] [docId] [userId] nodeJS - notifyLicenseExpiration(): expiration date is not defined
[2025-06-21T14:36:10.247] [WARN] [localhost] [docId] [userId] nodeJS - Express server listening on port 8000 in production-linux mode. Version: 8.3.3. Build: 18
[2025-06-21T14:36:57.628] [WARN] [localhost] [docId] [userId] nodeJS - Express server starting...
[2025-06-21T14:36:57.637] [WARN] [localhost] [docId] [userId] nodeJS - notifyLicenseExpiration(): expiration date is not defined
[2025-06-21T14:36:57.638] [WARN] [localhost] [docId] [userId] nodeJS - notifyLicenseExpiration(): expiration date is not defined
[2025-06-21T14:36:57.828] [WARN] [localhost] [docId] [userId] nodeJS - Express server listening on port 8000 in production-linux mode. Version: 8.3.3. Build: 18
[2025-06-21T14:38:21.359] [WARN] [localhost] [docId] [userId] nodeJS - start shutdown:true
[2025-06-21T14:38:21.359] [WARN] [localhost] [docId] [userId] nodeJS - active connections: 0
[2025-06-21T14:38:21.359] [WARN] [localhost] [docId] [userId] nodeJS - end shutdown
[2025-06-21T14:39:04.373] [WARN] [localhost] [docId] [userId] nodeJS - Express server starting...
[2025-06-21T14:39:04.382] [WARN] [localhost] [docId] [userId] nodeJS - notifyLicenseExpiration(): expiration date is not defined
[2025-06-21T14:39:04.384] [WARN] [localhost] [docId] [userId] nodeJS - notifyLicenseExpiration(): expiration date is not defined
[2025-06-21T14:39:04.570] [WARN] [localhost] [docId] [userId] nodeJS - Express server listening on port 8000 in production-linux mode. Version: 8.3.3. Build: 18
[2025-06-21T14:39:34.964] [WARN] [localhost] [docId] [userId] nodeJS - Express server starting...
[2025-06-21T14:39:34.972] [WARN] [localhost] [docId] [userId] nodeJS - notifyLicenseExpiration(): expiration date is not defined
[2025-06-21T14:39:34.973] [WARN] [localhost] [docId] [userId] nodeJS - notifyLicenseExpiration(): expiration date is not defined
[2025-06-21T14:39:35.143] [WARN] [localhost] [docId] [userId] nodeJS - Express server listening on port 8000 in production-linux mode. Version: 8.3.3. Build: 18
[2025-06-21T14:54:50.378] [WARN] [localhost] [docId] [userId] nodeJS - start shutdown:true
[2025-06-21T14:54:50.378] [WARN] [localhost] [docId] [userId] nodeJS - active connections: 0
[2025-06-21T14:54:50.378] [WARN] [localhost] [docId] [userId] nodeJS - end shutdown
[2025-06-22T01:30:08.180] [WARN] [localhost] [docId] [userId] nodeJS - Express server starting...
[2025-06-22T01:30:08.196] [WARN] [localhost] [docId] [userId] nodeJS - notifyLicenseExpiration(): expiration date is not defined
[2025-06-22T01:30:08.198] [WARN] [localhost] [docId] [userId] nodeJS - notifyLicenseExpiration(): expiration date is not defined
[2025-06-22T01:30:08.520] [WARN] [localhost] [docId] [userId] nodeJS - Express server listening on port 8000 in production-linux mode. Version: 8.3.3. Build: 18
[2025-06-22T01:31:16.221] [WARN] [localhost] [docId] [userId] nodeJS - Express server starting...
[2025-06-22T01:31:16.234] [WARN] [localhost] [docId] [userId] nodeJS - notifyLicenseExpiration(): expiration date is not defined
[2025-06-22T01:31:16.236] [WARN] [localhost] [docId] [userId] nodeJS - notifyLicenseExpiration(): expiration date is not defined
[2025-06-22T01:31:16.503] [WARN] [localhost] [docId] [userId] nodeJS - Express server listening on port 8000 in production-linux mode. Version: 8.3.3. Build: 18
[2025-06-27T12:16:24.174] [WARN] [localhost] [docId] [userId] nodeJS - Express server starting...
[2025-06-27T12:16:24.203] [WARN] [localhost] [docId] [userId] nodeJS - notifyLicenseExpiration(): expiration date is not defined
[2025-06-27T12:16:24.205] [WARN] [localhost] [docId] [userId] nodeJS - notifyLicenseExpiration(): expiration date is not defined
[2025-06-27T12:16:24.959] [WARN] [localhost] [docId] [userId] nodeJS - Express server listening on port 8000 in production-linux mode. Version: 8.3.3. Build: 18
[2025-06-27T12:17:06.361] [WARN] [localhost] [docId] [userId] nodeJS - Express server starting...
[2025-06-27T12:17:06.370] [WARN] [localhost] [docId] [userId] nodeJS - notifyLicenseExpiration(): expiration date is not defined
[2025-06-27T12:17:06.371] [WARN] [localhost] [docId] [userId] nodeJS - notifyLicenseExpiration(): expiration date is not defined
[2025-06-27T12:17:06.587] [WARN] [localhost] [docId] [userId] nodeJS - Express server listening on port 8000 in production-linux mode. Version: 8.3.3. Build: 18
[2025-06-27T13:09:20.803] [WARN] [localhost] [docId] [userId] nodeJS - start shutdown:true
[2025-06-27T13:09:20.806] [WARN] [localhost] [docId] [userId] nodeJS - active connections: 0
[2025-06-27T13:09:20.806] [WARN] [localhost] [docId] [userId] nodeJS - end shutdown
[2025-06-30T01:08:49.567] [WARN] [localhost] [docId] [userId] nodeJS - Express server starting...
[2025-06-30T01:08:49.596] [WARN] [localhost] [docId] [userId] nodeJS - notifyLicenseExpiration(): expiration date is not defined
[2025-06-30T01:08:49.600] [WARN] [localhost] [docId] [userId] nodeJS - notifyLicenseExpiration(): expiration date is not defined
[2025-06-30T01:08:50.369] [WARN] [localhost] [docId] [userId] nodeJS - Express server listening on port 8000 in production-linux mode. Version: 8.3.3. Build: 18
[2025-06-30T01:09:44.032] [WARN] [localhost] [docId] [userId] nodeJS - Express server starting...
[2025-06-30T01:09:44.041] [WARN] [localhost] [docId] [userId] nodeJS - notifyLicenseExpiration(): expiration date is not defined
[2025-06-30T01:09:44.042] [WARN] [localhost] [docId] [userId] nodeJS - notifyLicenseExpiration(): expiration date is not defined
[2025-06-30T01:09:44.251] [WARN] [localhost] [docId] [userId] nodeJS - Express server listening on port 8000 in production-linux mode. Version: 8.3.3. Build: 18
[2025-06-30T01:11:49.000] [WARN] [localhost] [docId] [userId] nodeJS - start shutdown:true
[2025-06-30T01:11:49.003] [WARN] [localhost] [docId] [userId] nodeJS - active connections: 0
[2025-06-30T01:11:49.003] [WARN] [localhost] [docId] [userId] nodeJS - end shutdown
[2025-06-30T01:14:45.577] [WARN] [localhost] [docId] [userId] nodeJS - Express server starting...
[2025-06-30T01:14:45.585] [WARN] [localhost] [docId] [userId] nodeJS - notifyLicenseExpiration(): expiration date is not defined
[2025-06-30T01:14:45.586] [WARN] [localhost] [docId] [userId] nodeJS - notifyLicenseExpiration(): expiration date is not defined
[2025-06-30T01:14:45.862] [WARN] [localhost] [docId] [userId] nodeJS - Express server listening on port 8000 in production-linux mode. Version: 8.3.3. Build: 18
[2025-06-30T01:15:33.831] [WARN] [localhost] [docId] [userId] nodeJS - Express server starting...
[2025-06-30T01:15:33.846] [WARN] [localhost] [docId] [userId] nodeJS - notifyLicenseExpiration(): expiration date is not defined
[2025-06-30T01:15:33.847] [WARN] [localhost] [docId] [userId] nodeJS - notifyLicenseExpiration(): expiration date is not defined
[2025-06-30T01:15:34.067] [WARN] [localhost] [docId] [userId] nodeJS - Express server listening on port 8000 in production-linux mode. Version: 8.3.3. Build: 18
[2025-06-30T01:16:06.860] [WARN] [localhost] [docId] [userId] nodeJS - start shutdown:true
[2025-06-30T01:16:06.861] [WARN] [localhost] [docId] [userId] nodeJS - active connections: 0
[2025-06-30T01:16:06.861] [WARN] [localhost] [docId] [userId] nodeJS - end shutdown
[2025-06-30T01:17:07.579] [WARN] [localhost] [docId] [userId] nodeJS - Express server starting...
[2025-06-30T01:17:07.590] [WARN] [localhost] [docId] [userId] nodeJS - notifyLicenseExpiration(): expiration date is not defined
[2025-06-30T01:17:07.592] [WARN] [localhost] [docId] [userId] nodeJS - notifyLicenseExpiration(): expiration date is not defined
[2025-06-30T01:17:07.874] [WARN] [localhost] [docId] [userId] nodeJS - Express server listening on port 8000 in production-linux mode. Version: 8.3.3. Build: 18
[2025-06-30T01:17:38.354] [WARN] [localhost] [docId] [userId] nodeJS - start shutdown:true
[2025-06-30T01:17:38.355] [WARN] [localhost] [docId] [userId] nodeJS - active connections: 0
[2025-06-30T01:17:38.355] [WARN] [localhost] [docId] [userId] nodeJS - end shutdown
[2025-06-30T01:19:33.604] [WARN] [localhost] [docId] [userId] nodeJS - Express server starting...
[2025-06-30T01:19:33.612] [WARN] [localhost] [docId] [userId] nodeJS - notifyLicenseExpiration(): expiration date is not defined
[2025-06-30T01:19:33.613] [WARN] [localhost] [docId] [userId] nodeJS - notifyLicenseExpiration(): expiration date is not defined
[2025-06-30T01:19:33.945] [WARN] [localhost] [docId] [userId] nodeJS - Express server listening on port 8000 in production-linux mode. Version: 8.3.3. Build: 18
[2025-06-30T01:20:10.086] [WARN] [localhost] [docId] [userId] nodeJS - start shutdown:true
[2025-06-30T01:20:10.086] [WARN] [localhost] [docId] [userId] nodeJS - active connections: 0
[2025-06-30T01:20:10.087] [WARN] [localhost] [docId] [userId] nodeJS - end shutdown
[2025-06-30T01:21:13.938] [WARN] [localhost] [docId] [userId] nodeJS - Express server starting...
[2025-06-30T01:21:13.946] [WARN] [localhost] [docId] [userId] nodeJS - notifyLicenseExpiration(): expiration date is not defined
[2025-06-30T01:21:13.947] [WARN] [localhost] [docId] [userId] nodeJS - notifyLicenseExpiration(): expiration date is not defined
[2025-06-30T01:21:14.233] [WARN] [localhost] [docId] [userId] nodeJS - Express server listening on port 8000 in production-linux mode. Version: 8.3.3. Build: 18
[2025-06-30T01:21:19.948] [WARN] [localhost] [docId] [userId] nodeJS - start shutdown:true
[2025-06-30T01:21:19.948] [WARN] [localhost] [docId] [userId] nodeJS - active connections: 0
[2025-06-30T01:21:19.948] [WARN] [localhost] [docId] [userId] nodeJS - end shutdown
[2025-06-30T01:22:26.207] [WARN] [localhost] [docId] [userId] nodeJS - Express server starting...
[2025-06-30T01:22:26.215] [WARN] [localhost] [docId] [userId] nodeJS - notifyLicenseExpiration(): expiration date is not defined
[2025-06-30T01:22:26.216] [WARN] [localhost] [docId] [userId] nodeJS - notifyLicenseExpiration(): expiration date is not defined
[2025-06-30T01:22:26.505] [WARN] [localhost] [docId] [userId] nodeJS - Express server listening on port 8000 in production-linux mode. Version: 8.3.3. Build: 18
[2025-06-30T01:23:04.296] [WARN] [localhost] [docId] [userId] nodeJS - Express server starting...
[2025-06-30T01:23:04.303] [WARN] [localhost] [docId] [userId] nodeJS - notifyLicenseExpiration(): expiration date is not defined
[2025-06-30T01:23:04.305] [WARN] [localhost] [docId] [userId] nodeJS - notifyLicenseExpiration(): expiration date is not defined
[2025-06-30T01:23:04.500] [WARN] [localhost] [docId] [userId] nodeJS - Express server listening on port 8000 in production-linux mode. Version: 8.3.3. Build: 18
[2025-06-30T02:47:25.280] [ERROR] [localhost] [274d3e1e8ce7b54407100641427634f2] [uid-17502524884122] nodeJS - error parseReplyData: data = <br />
<b>Warning</b>:  file_get_contents(http://localhost:8081/cache/files/data/274d3e1e8ce7b54407100641427634f2_2306/output.docx/output.docx?md5=uC-wMX36BCckcmbYYIakEA&amp;expires=1751252546&amp;shardkey=274d3e1e8ce7b54407100641427634f2&amp;filename=output.docx): Failed to open stream: Connection refused in <b>/var/www/html/admin/edit_file.php</b> on line <b>53</b><br />
{"error":"Unhandled status or failed to save document"} SyntaxError: Unexpected token < in JSON at position 0
    at JSON.parse (<anonymous>)
    at Object.parseReplyData (/snapshot/server/DocService/sources/DocsCoServer.js)
    at /snapshot/server/DocService/sources/canvasservice.js
    at Generator.next (<anonymous>)
    at onFulfilled (/snapshot/server/DocService/node_modules/co/index.js:65:19)
    at processTicksAndRejections (node:internal/process/task_queues:96:5)
[2025-06-30T02:47:25.286] [WARN] [localhost] [274d3e1e8ce7b54407100641427634f2] [uid-17502524884122] nodeJS - storeForgotten
[2025-06-30T02:49:10.518] [ERROR] [localhost] [274d3e1e8ce7b54407100641427634f2] [uid-17502524884121] nodeJS - error parseReplyData: data = <br />
<b>Warning</b>:  file_get_contents(http://localhost:8081/cache/files/data/274d3e1e8ce7b54407100641427634f2_3646/output.docx/output.docx?md5=Y3l-pBpTuGXvVdpabDKdDQ&amp;expires=1751252651&amp;shardkey=274d3e1e8ce7b54407100641427634f2&amp;filename=output.docx): Failed to open stream: Connection refused in <b>/var/www/html/admin/edit_file.php</b> on line <b>53</b><br />
{"error":"Unhandled status or failed to save document"} SyntaxError: Unexpected token < in JSON at position 0
    at JSON.parse (<anonymous>)
    at Object.parseReplyData (/snapshot/server/DocService/sources/DocsCoServer.js)
    at /snapshot/server/DocService/sources/canvasservice.js
    at Generator.next (<anonymous>)
    at onFulfilled (/snapshot/server/DocService/node_modules/co/index.js:65:19)
    at processTicksAndRejections (node:internal/process/task_queues:96:5)
[2025-06-30T02:49:10.522] [WARN] [localhost] [274d3e1e8ce7b54407100641427634f2] [uid-17502524884121] nodeJS - storeForgotten
